
*** Running vivado
    with args -log top.vdi -applog -m64 -product Vivado -messageDb vivado.pb -mode batch -source top.tcl -notrace


****** Vivado v2024.1 (64-bit)
  **** SW Build 5076996 on Wed May 22 18:36:09 MDT 2024
  **** IP Build 5075265 on Wed May 22 21:45:21 MDT 2024
  **** SharedData Build 5076995 on Wed May 22 18:29:18 MDT 2024
  **** Start of session at: Tue Nov  5 09:37:49 2024
    ** Copyright 1986-2022 Xilinx, Inc. All Rights Reserved.
    ** Copyright 2022-2024 Advanced Micro Devices, Inc. All Rights Reserved.

source top.tcl -notrace
create_project: Time (s): cpu = 00:00:08 ; elapsed = 00:00:08 . Memory (MB): peak = 1411.512 ; gain = 0.023 ; free physical = 3523 ; free virtual = 25201
Command: link_design -top top -part xc7a35tcpg236-1
Design is defaulting to srcset: sources_1
Design is defaulting to constrset: constrs_1
INFO: [Device 21-403] Loading part xc7a35tcpg236-1
INFO: [Device 21-9227] Part: xc7a35tcpg236-1 does not have CEAM library.
Netlist sorting complete. Time (s): cpu = 00:00:00 ; elapsed = 00:00:00 . Memory (MB): peak = 1714.582 ; gain = 0.000 ; free physical = 3185 ; free virtual = 24863
INFO: [Netlist 29-17] Analyzing 2 Unisim elements for replacement
INFO: [Netlist 29-28] Unisim Transformation completed in 0 CPU seconds
INFO: [Project 1-479] Netlist was created with Vivado 2024.1
INFO: [Project 1-570] Preparing netlist for logic optimization
Parsing XDC File [/home/nate/alu/alu/alu.srcs/constrs_1/imports/alu/constraints.xdc]
Finished Parsing XDC File [/home/nate/alu/alu/alu.srcs/constrs_1/imports/alu/constraints.xdc]
INFO: [Opt 31-138] Pushed 0 inverter(s) to 0 load pin(s).
Netlist sorting complete. Time (s): cpu = 00:00:00 ; elapsed = 00:00:00 . Memory (MB): peak = 1923.266 ; gain = 0.000 ; free physical = 3081 ; free virtual = 24760
INFO: [Project 1-111] Unisim Transformation Summary:
No Unisim elements were transformed.

8 Infos, 0 Warnings, 0 Critical Warnings and 0 Errors encountered.
link_design completed successfully
link_design: Time (s): cpu = 00:00:06 ; elapsed = 00:00:06 . Memory (MB): peak = 1923.266 ; gain = 511.754 ; free physical = 3074 ; free virtual = 24753
Command: opt_design
Attempting to get a license for feature 'Implementation' and/or device 'xc7a35t'
INFO: [Common 17-349] Got license for feature 'Implementation' and/or device 'xc7a35t'
Running DRC as a precondition to command opt_design

Starting DRC Task
INFO: [DRC 23-27] Running DRC with 4 threads
INFO: [Project 1-461] DRC finished with 0 Errors
INFO: [Project 1-462] Please refer to the DRC report (report_drc) for more information.

Time (s): cpu = 00:00:01 ; elapsed = 00:00:00.82 . Memory (MB): peak = 1934.844 ; gain = 11.578 ; free physical = 3047 ; free virtual = 24727

Starting Cache Timing Information Task
INFO: [Timing 38-35] Done setting XDC timing constraints.
Ending Cache Timing Information Task | Checksum: 224ea0b04

Time (s): cpu = 00:00:07 ; elapsed = 00:00:08 . Memory (MB): peak = 2427.641 ; gain = 492.797 ; free physical = 2598 ; free virtual = 24277

Starting Logic Optimization Task

Phase 1 Initialization

Phase 1.1 Core Generation And Design Setup
Phase 1.1 Core Generation And Design Setup | Checksum: 224ea0b04

Time (s): cpu = 00:00:00 ; elapsed = 00:00:00.01 . Memory (MB): peak = 2741.445 ; gain = 0.000 ; free physical = 2238 ; free virtual = 23948

Phase 1.2 Setup Constraints And Sort Netlist
Phase 1.2 Setup Constraints And Sort Netlist | Checksum: 224ea0b04

Time (s): cpu = 00:00:00 ; elapsed = 00:00:00.01 . Memory (MB): peak = 2741.445 ; gain = 0.000 ; free physical = 2238 ; free virtual = 23948
Phase 1 Initialization | Checksum: 224ea0b04

Time (s): cpu = 00:00:00 ; elapsed = 00:00:00.01 . Memory (MB): peak = 2741.445 ; gain = 0.000 ; free physical = 2238 ; free virtual = 23948

Phase 2 Timer Update And Timing Data Collection

Phase 2.1 Timer Update
Phase 2.1 Timer Update | Checksum: 224ea0b04

Time (s): cpu = 00:00:00.01 ; elapsed = 00:00:00.02 . Memory (MB): peak = 2741.445 ; gain = 0.000 ; free physical = 2238 ; free virtual = 23948

Phase 2.2 Timing Data Collection
Phase 2.2 Timing Data Collection | Checksum: 224ea0b04

Time (s): cpu = 00:00:00.02 ; elapsed = 00:00:00.02 . Memory (MB): peak = 2741.445 ; gain = 0.000 ; free physical = 2238 ; free virtual = 23948
Phase 2 Timer Update And Timing Data Collection | Checksum: 224ea0b04

Time (s): cpu = 00:00:00.02 ; elapsed = 00:00:00.02 . Memory (MB): peak = 2741.445 ; gain = 0.000 ; free physical = 2238 ; free virtual = 23948

Phase 3 Retarget
INFO: [Opt 31-1834] Total Chains To Be Transformed Were: 0 AND Number of Transformed insts Created are: 0
INFO: [Opt 31-138] Pushed 0 inverter(s) to 0 load pin(s).
INFO: [Opt 31-49] Retargeted 0 cell(s).
Phase 3 Retarget | Checksum: 224ea0b04

Time (s): cpu = 00:00:00.03 ; elapsed = 00:00:00.04 . Memory (MB): peak = 2741.445 ; gain = 0.000 ; free physical = 2238 ; free virtual = 23948
Retarget | Checksum: 224ea0b04
INFO: [Opt 31-389] Phase Retarget created 0 cells and removed 0 cells

Phase 4 Constant propagation
INFO: [Opt 31-138] Pushed 0 inverter(s) to 0 load pin(s).
Phase 4 Constant propagation | Checksum: 224ea0b04

Time (s): cpu = 00:00:00.03 ; elapsed = 00:00:00.04 . Memory (MB): peak = 2741.445 ; gain = 0.000 ; free physical = 2238 ; free virtual = 23948
Constant propagation | Checksum: 224ea0b04
INFO: [Opt 31-389] Phase Constant propagation created 0 cells and removed 0 cells

Phase 5 Sweep
Phase 5 Sweep | Checksum: 22283bfc4

Time (s): cpu = 00:00:00.03 ; elapsed = 00:00:00.04 . Memory (MB): peak = 2741.445 ; gain = 0.000 ; free physical = 2238 ; free virtual = 23948
Sweep | Checksum: 22283bfc4
INFO: [Opt 31-389] Phase Sweep created 0 cells and removed 0 cells

Phase 6 BUFG optimization
Phase 6 BUFG optimization | Checksum: 22283bfc4

Time (s): cpu = 00:00:00.04 ; elapsed = 00:00:00.05 . Memory (MB): peak = 2741.445 ; gain = 0.000 ; free physical = 2238 ; free virtual = 23948
BUFG optimization | Checksum: 22283bfc4
INFO: [Opt 31-662] Phase BUFG optimization created 0 cells of which 0 are BUFGs and removed 0 cells.

Phase 7 Shift Register Optimization
INFO: [Opt 31-1064] SRL Remap converted 0 SRLs to 0 registers and converted 0 registers of register chains to 0 SRLs
Phase 7 Shift Register Optimization | Checksum: 22283bfc4

Time (s): cpu = 00:00:00.04 ; elapsed = 00:00:00.05 . Memory (MB): peak = 2741.445 ; gain = 0.000 ; free physical = 2238 ; free virtual = 23948
Shift Register Optimization | Checksum: 22283bfc4
INFO: [Opt 31-389] Phase Shift Register Optimization created 0 cells and removed 0 cells

Phase 8 Post Processing Netlist
Phase 8 Post Processing Netlist | Checksum: 22283bfc4

Time (s): cpu = 00:00:00.04 ; elapsed = 00:00:00.06 . Memory (MB): peak = 2741.445 ; gain = 0.000 ; free physical = 2238 ; free virtual = 23948
Post Processing Netlist | Checksum: 22283bfc4
INFO: [Opt 31-389] Phase Post Processing Netlist created 0 cells and removed 0 cells

Phase 9 Finalization

Phase 9.1 Finalizing Design Cores and Updating Shapes
Phase 9.1 Finalizing Design Cores and Updating Shapes | Checksum: 1a30c3fe3

Time (s): cpu = 00:00:00.05 ; elapsed = 00:00:00.06 . Memory (MB): peak = 2741.445 ; gain = 0.000 ; free physical = 2238 ; free virtual = 23948

Phase 9.2 Verifying Netlist Connectivity

Starting Connectivity Check Task

Time (s): cpu = 00:00:00 ; elapsed = 00:00:00 . Memory (MB): peak = 2741.445 ; gain = 0.000 ; free physical = 2238 ; free virtual = 23948
Phase 9.2 Verifying Netlist Connectivity | Checksum: 1a30c3fe3

Time (s): cpu = 00:00:00.05 ; elapsed = 00:00:00.06 . Memory (MB): peak = 2741.445 ; gain = 0.000 ; free physical = 2238 ; free virtual = 23948
Phase 9 Finalization | Checksum: 1a30c3fe3

Time (s): cpu = 00:00:00.05 ; elapsed = 00:00:00.06 . Memory (MB): peak = 2741.445 ; gain = 0.000 ; free physical = 2238 ; free virtual = 23948
Opt_design Change Summary
=========================


-------------------------------------------------------------------------------------------------------------------------
|  Phase                        |  #Cells created  |  #Cells Removed  |  #Constrained objects preventing optimizations  |
-------------------------------------------------------------------------------------------------------------------------
|  Retarget                     |               0  |               0  |                                              0  |
|  Constant propagation         |               0  |               0  |                                              0  |
|  Sweep                        |               0  |               0  |                                              0  |
|  BUFG optimization            |               0  |               0  |                                              0  |
|  Shift Register Optimization  |               0  |               0  |                                              0  |
|  Post Processing Netlist      |               0  |               0  |                                              0  |
-------------------------------------------------------------------------------------------------------------------------


Ending Logic Optimization Task | Checksum: 1a30c3fe3

Time (s): cpu = 00:00:00.05 ; elapsed = 00:00:00.06 . Memory (MB): peak = 2741.445 ; gain = 0.000 ; free physical = 2238 ; free virtual = 23948

Starting Power Optimization Task
INFO: [Pwropt 34-132] Skipping clock gating for clocks with a period < 2.00 ns.
Ending Power Optimization Task | Checksum: 1a30c3fe3

Time (s): cpu = 00:00:00.01 ; elapsed = 00:00:00.01 . Memory (MB): peak = 2741.445 ; gain = 0.000 ; free physical = 2238 ; free virtual = 23949

Starting Final Cleanup Task
Ending Final Cleanup Task | Checksum: 1a30c3fe3

Time (s): cpu = 00:00:00 ; elapsed = 00:00:00 . Memory (MB): peak = 2741.445 ; gain = 0.000 ; free physical = 2238 ; free virtual = 23949

Starting Netlist Obfuscation Task
Netlist sorting complete. Time (s): cpu = 00:00:00 ; elapsed = 00:00:00 . Memory (MB): peak = 2741.445 ; gain = 0.000 ; free physical = 2238 ; free virtual = 23949
Ending Netlist Obfuscation Task | Checksum: 1a30c3fe3

Time (s): cpu = 00:00:00 ; elapsed = 00:00:00 . Memory (MB): peak = 2741.445 ; gain = 0.000 ; free physical = 2238 ; free virtual = 23949
INFO: [Common 17-83] Releasing license: Implementation
26 Infos, 0 Warnings, 0 Critical Warnings and 0 Errors encountered.
opt_design completed successfully
opt_design: Time (s): cpu = 00:00:12 ; elapsed = 00:00:12 . Memory (MB): peak = 2741.445 ; gain = 818.180 ; free physical = 2238 ; free virtual = 23949
INFO: [Vivado 12-24828] Executing command : report_drc -file top_drc_opted.rpt -pb top_drc_opted.pb -rpx top_drc_opted.rpx
Command: report_drc -file top_drc_opted.rpt -pb top_drc_opted.pb -rpx top_drc_opted.rpx
INFO: [IP_Flow 19-234] Refreshing IP repositories
INFO: [IP_Flow 19-1704] No user IP repositories specified
INFO: [IP_Flow 19-2313] Loaded Vivado IP repository '/tools/vivado/Vivado/2024.1/data/ip'.
INFO: [DRC 23-27] Running DRC with 4 threads
INFO: [Vivado_Tcl 2-168] The results of DRC are in file /home/nate/alu/alu/alu.runs/impl_1/top_drc_opted.rpt.
report_drc completed successfully
INFO: [Timing 38-480] Writing timing data to binary archive.
Write ShapeDB Complete: Time (s): cpu = 00:00:00 ; elapsed = 00:00:00 . Memory (MB): peak = 2797.473 ; gain = 0.000 ; free physical = 2224 ; free virtual = 23934
Wrote PlaceDB: Time (s): cpu = 00:00:00 ; elapsed = 00:00:00 . Memory (MB): peak = 2797.473 ; gain = 0.000 ; free physical = 2224 ; free virtual = 23934
Wrote PulsedLatchDB: Time (s): cpu = 00:00:00 ; elapsed = 00:00:00 . Memory (MB): peak = 2797.473 ; gain = 0.000 ; free physical = 2224 ; free virtual = 23934
Writing XDEF routing.
Writing XDEF routing logical nets.
Writing XDEF routing special nets.
Wrote RouteStorage: Time (s): cpu = 00:00:00.06 ; elapsed = 00:00:00.02 . Memory (MB): peak = 2797.473 ; gain = 0.000 ; free physical = 2224 ; free virtual = 23934
Wrote Netlist Cache: Time (s): cpu = 00:00:00 ; elapsed = 00:00:00 . Memory (MB): peak = 2797.473 ; gain = 0.000 ; free physical = 2224 ; free virtual = 23934
Wrote Device Cache: Time (s): cpu = 00:00:00 ; elapsed = 00:00:00.01 . Memory (MB): peak = 2797.473 ; gain = 0.000 ; free physical = 2224 ; free virtual = 23934
Write Physdb Complete: Time (s): cpu = 00:00:00.07 ; elapsed = 00:00:00.03 . Memory (MB): peak = 2797.473 ; gain = 0.000 ; free physical = 2224 ; free virtual = 23934
INFO: [Common 17-1381] The checkpoint '/home/nate/alu/alu/alu.runs/impl_1/top_opt.dcp' has been generated.
Command: place_design
Attempting to get a license for feature 'Implementation' and/or device 'xc7a35t'
INFO: [Common 17-349] Got license for feature 'Implementation' and/or device 'xc7a35t'
INFO: [Common 17-83] Releasing license: Implementation
INFO: [DRC 23-27] Running DRC with 4 threads
INFO: [Vivado_Tcl 4-198] DRC finished with 0 Errors
INFO: [Vivado_Tcl 4-199] Please refer to the DRC report (report_drc) for more information.
Running DRC as a precondition to command place_design
INFO: [DRC 23-27] Running DRC with 4 threads
INFO: [Vivado_Tcl 4-198] DRC finished with 0 Errors
INFO: [Vivado_Tcl 4-199] Please refer to the DRC report (report_drc) for more information.
INFO: [Place 30-611] Multithreading enabled for place_design using a maximum of 4 CPUs

Starting Placer Task

Phase 1 Placer Initialization

Phase 1.1 Placer Initialization Netlist Sorting
Netlist sorting complete. Time (s): cpu = 00:00:00 ; elapsed = 00:00:00 . Memory (MB): peak = 2797.473 ; gain = 0.000 ; free physical = 2201 ; free virtual = 23829
Phase 1.1 Placer Initialization Netlist Sorting | Checksum: 184803cb2

Time (s): cpu = 00:00:00 ; elapsed = 00:00:00 . Memory (MB): peak = 2797.473 ; gain = 0.000 ; free physical = 2201 ; free virtual = 23829
Netlist sorting complete. Time (s): cpu = 00:00:00 ; elapsed = 00:00:00 . Memory (MB): peak = 2797.473 ; gain = 0.000 ; free physical = 2201 ; free virtual = 23829

Phase 1.2 IO Placement/ Clock Placement/ Build Placer Device
INFO: [Timing 38-35] Done setting XDC timing constraints.
Phase 1.2 IO Placement/ Clock Placement/ Build Placer Device | Checksum: 181afcd85

Time (s): cpu = 00:00:00.42 ; elapsed = 00:00:00.26 . Memory (MB): peak = 2797.473 ; gain = 0.000 ; free physical = 2188 ; free virtual = 23820

Phase 1.3 Build Placer Netlist Model
Phase 1.3 Build Placer Netlist Model | Checksum: 21fafd8d2

Time (s): cpu = 00:00:00.63 ; elapsed = 00:00:00.38 . Memory (MB): peak = 2797.473 ; gain = 0.000 ; free physical = 2188 ; free virtual = 23821

Phase 1.4 Constrain Clocks/Macros
Phase 1.4 Constrain Clocks/Macros | Checksum: 21fafd8d2

Time (s): cpu = 00:00:00.64 ; elapsed = 00:00:00.38 . Memory (MB): peak = 2797.473 ; gain = 0.000 ; free physical = 2188 ; free virtual = 23821
Phase 1 Placer Initialization | Checksum: 21fafd8d2

Time (s): cpu = 00:00:00.65 ; elapsed = 00:00:00.39 . Memory (MB): peak = 2797.473 ; gain = 0.000 ; free physical = 2188 ; free virtual = 23821

Phase 2 Global Placement

Phase 2.1 Floorplanning
Phase 2.1 Floorplanning | Checksum: 1df5e6e5d

Time (s): cpu = 00:00:00.87 ; elapsed = 00:00:00.48 . Memory (MB): peak = 2797.473 ; gain = 0.000 ; free physical = 2188 ; free virtual = 23822

Phase 2.2 Update Timing before SLR Path Opt
Phase 2.2 Update Timing before SLR Path Opt | Checksum: 1f6b049c4

Time (s): cpu = 00:00:00.95 ; elapsed = 00:00:00.52 . Memory (MB): peak = 2797.473 ; gain = 0.000 ; free physical = 2188 ; free virtual = 23822

Phase 2.3 Post-Processing in Floorplanning
Phase 2.3 Post-Processing in Floorplanning | Checksum: 1f6b049c4

Time (s): cpu = 00:00:00.97 ; elapsed = 00:00:00.52 . Memory (MB): peak = 2797.473 ; gain = 0.000 ; free physical = 2188 ; free virtual = 23822

Phase 2.4 Global Placement Core

Phase 2.4.1 UpdateTiming Before Physical Synthesis
Phase 2.4.1 UpdateTiming Before Physical Synthesis | Checksum: 1b97f9a1e

Time (s): cpu = 00:00:02 ; elapsed = 00:00:00.95 . Memory (MB): peak = 2797.473 ; gain = 0.000 ; free physical = 2187 ; free virtual = 23822

Phase 2.4.2 Physical Synthesis In Placer
INFO: [Physopt 32-1035] Found 0 LUTNM shape to break, 4 LUT instances to create LUTNM shape
INFO: [Physopt 32-1044] Break lutnm for timing: one critical 0, two critical 0, total 0, new lutff created 0
INFO: [Physopt 32-1138] End 1 Pass. Optimized 2 nets or LUTs. Breaked 0 LUT, combined 2 existing LUTs and moved 0 existing LUT
INFO: [Physopt 32-65] No nets found for high-fanout optimization.
INFO: [Physopt 32-232] Optimized 0 net. Created 0 new instance.
INFO: [Physopt 32-775] End 1 Pass. Optimized 0 net or cell. Created 0 new cell, deleted 0 existing cell and moved 0 existing cell
INFO: [Physopt 32-670] No setup violation found.  DSP Register Optimization was not performed.
INFO: [Physopt 32-670] No setup violation found.  Shift Register to Pipeline Optimization was not performed.
INFO: [Physopt 32-670] No setup violation found.  Shift Register Optimization was not performed.
INFO: [Physopt 32-670] No setup violation found.  BRAM Register Optimization was not performed.
INFO: [Physopt 32-670] No setup violation found.  URAM Register Optimization was not performed.
INFO: [Physopt 32-949] No candidate nets found for dynamic/static region interface net replication
INFO: [Physopt 32-775] End 1 Pass. Optimized 0 net or cell. Created 0 new cell, deleted 0 existing cell and moved 0 existing cell
Netlist sorting complete. Time (s): cpu = 00:00:00 ; elapsed = 00:00:00 . Memory (MB): peak = 2797.473 ; gain = 0.000 ; free physical = 2187 ; free virtual = 23823

Summary of Physical Synthesis Optimizations
============================================


-----------------------------------------------------------------------------------------------------------------------------------------------------------
|  Optimization                                     |  Added Cells  |  Removed Cells  |  Optimized Cells/Nets  |  Dont Touch  |  Iterations  |  Elapsed   |
-----------------------------------------------------------------------------------------------------------------------------------------------------------
|  LUT Combining                                    |            0  |              2  |                     2  |           0  |           1  |  00:00:00  |
|  Retime                                           |            0  |              0  |                     0  |           0  |           1  |  00:00:00  |
|  Very High Fanout                                 |            0  |              0  |                     0  |           0  |           1  |  00:00:00  |
|  DSP Register                                     |            0  |              0  |                     0  |           0  |           0  |  00:00:00  |
|  Shift Register to Pipeline                       |            0  |              0  |                     0  |           0  |           0  |  00:00:00  |
|  Shift Register                                   |            0  |              0  |                     0  |           0  |           0  |  00:00:00  |
|  BRAM Register                                    |            0  |              0  |                     0  |           0  |           0  |  00:00:00  |
|  URAM Register                                    |            0  |              0  |                     0  |           0  |           0  |  00:00:00  |
|  Dynamic/Static Region Interface Net Replication  |            0  |              0  |                     0  |           0  |           1  |  00:00:00  |
|  Total                                            |            0  |              2  |                     2  |           0  |           4  |  00:00:00  |
-----------------------------------------------------------------------------------------------------------------------------------------------------------


Phase 2.4.2 Physical Synthesis In Placer | Checksum: 257cd8292

Time (s): cpu = 00:00:02 ; elapsed = 00:00:01 . Memory (MB): peak = 2797.473 ; gain = 0.000 ; free physical = 2187 ; free virtual = 23824
Phase 2.4 Global Placement Core | Checksum: 1eabfadee

Time (s): cpu = 00:00:03 ; elapsed = 00:00:01 . Memory (MB): peak = 2797.473 ; gain = 0.000 ; free physical = 2187 ; free virtual = 23824
Phase 2 Global Placement | Checksum: 1eabfadee

Time (s): cpu = 00:00:03 ; elapsed = 00:00:01 . Memory (MB): peak = 2797.473 ; gain = 0.000 ; free physical = 2187 ; free virtual = 23824

Phase 3 Detail Placement

Phase 3.1 Commit Multi Column Macros
Phase 3.1 Commit Multi Column Macros | Checksum: 265dde318

Time (s): cpu = 00:00:03 ; elapsed = 00:00:01 . Memory (MB): peak = 2797.473 ; gain = 0.000 ; free physical = 2187 ; free virtual = 23824

Phase 3.2 Commit Most Macros & LUTRAMs
Phase 3.2 Commit Most Macros & LUTRAMs | Checksum: 1cac03290

Time (s): cpu = 00:00:03 ; elapsed = 00:00:01 . Memory (MB): peak = 2797.473 ; gain = 0.000 ; free physical = 2187 ; free virtual = 23824

Phase 3.3 Area Swap Optimization
Phase 3.3 Area Swap Optimization | Checksum: 19993c65b

Time (s): cpu = 00:00:03 ; elapsed = 00:00:02 . Memory (MB): peak = 2797.473 ; gain = 0.000 ; free physical = 2187 ; free virtual = 23824

Phase 3.4 Pipeline Register Optimization
Phase 3.4 Pipeline Register Optimization | Checksum: 1f475a77e

Time (s): cpu = 00:00:03 ; elapsed = 00:00:02 . Memory (MB): peak = 2797.473 ; gain = 0.000 ; free physical = 2187 ; free virtual = 23824

Phase 3.5 Small Shape Detail Placement
Phase 3.5 Small Shape Detail Placement | Checksum: 2b9b63548

Time (s): cpu = 00:00:03 ; elapsed = 00:00:02 . Memory (MB): peak = 2797.473 ; gain = 0.000 ; free physical = 2187 ; free virtual = 23812

Phase 3.6 Re-assign LUT pins
Phase 3.6 Re-assign LUT pins | Checksum: 280161c0a

Time (s): cpu = 00:00:03 ; elapsed = 00:00:02 . Memory (MB): peak = 2797.473 ; gain = 0.000 ; free physical = 2187 ; free virtual = 23812

Phase 3.7 Pipeline Register Optimization
Phase 3.7 Pipeline Register Optimization | Checksum: 2b3343927

Time (s): cpu = 00:00:03 ; elapsed = 00:00:02 . Memory (MB): peak = 2797.473 ; gain = 0.000 ; free physical = 2187 ; free virtual = 23812
Phase 3 Detail Placement | Checksum: 2b3343927

Time (s): cpu = 00:00:03 ; elapsed = 00:00:02 . Memory (MB): peak = 2797.473 ; gain = 0.000 ; free physical = 2187 ; free virtual = 23812

Phase 4 Post Placement Optimization and Clean-Up

Phase 4.1 Post Commit Optimization
INFO: [Timing 38-35] Done setting XDC timing constraints.

Phase 4.1.1 Post Placement Optimization
Post Placement Optimization Initialization | Checksum: 2ad9c7ae6

Phase 4.1.1.1 BUFG Insertion

Starting Physical Synthesis Task

Phase 1 Physical Synthesis Initialization
INFO: [Physopt 32-721] Multithreading enabled for phys_opt_design using a maximum of 4 CPUs
INFO: [Physopt 32-619] Estimated Timing Summary | WNS=5.560 | TNS=0.000 |
Phase 1 Physical Synthesis Initialization | Checksum: 1739f0b68

Time (s): cpu = 00:00:00.04 ; elapsed = 00:00:00.01 . Memory (MB): peak = 2797.473 ; gain = 0.000 ; free physical = 2187 ; free virtual = 23812
INFO: [Place 46-56] BUFG insertion identified 0 candidate nets. Inserted BUFG: 0, Replicated BUFG Driver: 0, Skipped due to Placement/Routing Conflicts: 0, Skipped due to Timing Degradation: 0, Skipped due to netlist editing failed: 0.
Ending Physical Synthesis Task | Checksum: 253c2e8f1

Time (s): cpu = 00:00:00.05 ; elapsed = 00:00:00.02 . Memory (MB): peak = 2797.473 ; gain = 0.000 ; free physical = 2187 ; free virtual = 23812
Phase 4.1.1.1 BUFG Insertion | Checksum: 2ad9c7ae6

Time (s): cpu = 00:00:03 ; elapsed = 00:00:02 . Memory (MB): peak = 2797.473 ; gain = 0.000 ; free physical = 2187 ; free virtual = 23812

Phase 4.1.1.2 Post Placement Timing Optimization
INFO: [Place 30-746] Post Placement Timing Summary WNS=5.560. For the most accurate timing information please run report_timing.
Phase 4.1.1.2 Post Placement Timing Optimization | Checksum: 27cb2aef0

Time (s): cpu = 00:00:03 ; elapsed = 00:00:02 . Memory (MB): peak = 2797.473 ; gain = 0.000 ; free physical = 2187 ; free virtual = 23812

Time (s): cpu = 00:00:03 ; elapsed = 00:00:02 . Memory (MB): peak = 2797.473 ; gain = 0.000 ; free physical = 2187 ; free virtual = 23812
Phase 4.1 Post Commit Optimization | Checksum: 27cb2aef0

Time (s): cpu = 00:00:03 ; elapsed = 00:00:02 . Memory (MB): peak = 2797.473 ; gain = 0.000 ; free physical = 2187 ; free virtual = 23812

Phase 4.2 Post Placement Cleanup
Phase 4.2 Post Placement Cleanup | Checksum: 27cb2aef0

Time (s): cpu = 00:00:03 ; elapsed = 00:00:02 . Memory (MB): peak = 2797.473 ; gain = 0.000 ; free physical = 2187 ; free virtual = 23812

Phase 4.3 Placer Reporting

Phase 4.3.1 Print Estimated Congestion
INFO: [Place 30-612] Post-Placement Estimated Congestion 
 ____________________________________________________
|           | Global Congestion | Short Congestion  |
| Direction | Region Size       | Region Size       |
|___________|___________________|___________________|
|      North|                1x1|                1x1|
|___________|___________________|___________________|
|      South|                1x1|                1x1|
|___________|___________________|___________________|
|       East|                1x1|                1x1|
|___________|___________________|___________________|
|       West|                1x1|                1x1|
|___________|___________________|___________________|

Phase 4.3.1 Print Estimated Congestion | Checksum: 27cb2aef0

Time (s): cpu = 00:00:03 ; elapsed = 00:00:02 . Memory (MB): peak = 2797.473 ; gain = 0.000 ; free physical = 2187 ; free virtual = 23812
Phase 4.3 Placer Reporting | Checksum: 27cb2aef0

Time (s): cpu = 00:00:03 ; elapsed = 00:00:02 . Memory (MB): peak = 2797.473 ; gain = 0.000 ; free physical = 2187 ; free virtual = 23812

Phase 4.4 Final Placement Cleanup
Netlist sorting complete. Time (s): cpu = 00:00:00 ; elapsed = 00:00:00 . Memory (MB): peak = 2797.473 ; gain = 0.000 ; free physical = 2187 ; free virtual = 23812

Time (s): cpu = 00:00:04 ; elapsed = 00:00:02 . Memory (MB): peak = 2797.473 ; gain = 0.000 ; free physical = 2187 ; free virtual = 23812
Phase 4 Post Placement Optimization and Clean-Up | Checksum: 2804c1969

Time (s): cpu = 00:00:04 ; elapsed = 00:00:02 . Memory (MB): peak = 2797.473 ; gain = 0.000 ; free physical = 2187 ; free virtual = 23812
Ending Placer Task | Checksum: 238d05039

Time (s): cpu = 00:00:04 ; elapsed = 00:00:02 . Memory (MB): peak = 2797.473 ; gain = 0.000 ; free physical = 2187 ; free virtual = 23812
63 Infos, 0 Warnings, 0 Critical Warnings and 0 Errors encountered.
place_design completed successfully
INFO: [Vivado 12-24838] Running report commands "report_control_sets, report_io, report_utilization" in parallel.
Running report generation with 3 threads.
INFO: [Vivado 12-24828] Executing command : report_control_sets -verbose -file top_control_sets_placed.rpt
report_control_sets: Time (s): cpu = 00:00:00.02 ; elapsed = 00:00:00.01 . Memory (MB): peak = 2797.473 ; gain = 0.000 ; free physical = 2187 ; free virtual = 23812
INFO: [Vivado 12-24828] Executing command : report_utilization -file top_utilization_placed.rpt -pb top_utilization_placed.pb
INFO: [Vivado 12-24828] Executing command : report_io -file top_io_placed.rpt
report_io: Time (s): cpu = 00:00:00.18 ; elapsed = 00:00:00.11 . Memory (MB): peak = 2797.473 ; gain = 0.000 ; free physical = 2187 ; free virtual = 23812
INFO: [Timing 38-480] Writing timing data to binary archive.
Write ShapeDB Complete: Time (s): cpu = 00:00:00 ; elapsed = 00:00:00 . Memory (MB): peak = 2797.473 ; gain = 0.000 ; free physical = 2187 ; free virtual = 23812
Wrote PlaceDB: Time (s): cpu = 00:00:00.06 ; elapsed = 00:00:00.03 . Memory (MB): peak = 2797.473 ; gain = 0.000 ; free physical = 2186 ; free virtual = 23812
Wrote PulsedLatchDB: Time (s): cpu = 00:00:00 ; elapsed = 00:00:00 . Memory (MB): peak = 2797.473 ; gain = 0.000 ; free physical = 2186 ; free virtual = 23812
Writing XDEF routing.
Writing XDEF routing logical nets.
Writing XDEF routing special nets.
Wrote RouteStorage: Time (s): cpu = 00:00:00.04 ; elapsed = 00:00:00.02 . Memory (MB): peak = 2797.473 ; gain = 0.000 ; free physical = 2186 ; free virtual = 23812
Wrote Netlist Cache: Time (s): cpu = 00:00:00 ; elapsed = 00:00:00 . Memory (MB): peak = 2797.473 ; gain = 0.000 ; free physical = 2186 ; free virtual = 23812
Wrote Device Cache: Time (s): cpu = 00:00:00.02 ; elapsed = 00:00:00.01 . Memory (MB): peak = 2797.473 ; gain = 0.000 ; free physical = 2186 ; free virtual = 23812
Write Physdb Complete: Time (s): cpu = 00:00:00.12 ; elapsed = 00:00:00.06 . Memory (MB): peak = 2797.473 ; gain = 0.000 ; free physical = 2186 ; free virtual = 23812
INFO: [Common 17-1381] The checkpoint '/home/nate/alu/alu/alu.runs/impl_1/top_placed.dcp' has been generated.
Command: phys_opt_design
Attempting to get a license for feature 'Implementation' and/or device 'xc7a35t'
INFO: [Common 17-349] Got license for feature 'Implementation' and/or device 'xc7a35t'

Starting Initial Update Timing Task

Time (s): cpu = 00:00:00.06 ; elapsed = 00:00:00.06 . Memory (MB): peak = 2797.473 ; gain = 0.000 ; free physical = 2178 ; free virtual = 23804
INFO: [Vivado_Tcl 4-2279] Estimated Timing Summary | WNS= 5.560 | TNS= 0.000 | 
INFO: [Vivado_Tcl 4-383] Design worst setup slack (WNS) is greater than or equal to 0.000 ns. All physical synthesis setup optimizations will be skipped.
INFO: [Vivado_Tcl 4-232] No setup violation found. The netlist was not modified.
INFO: [Common 17-83] Releasing license: Implementation
74 Infos, 0 Warnings, 0 Critical Warnings and 0 Errors encountered.
phys_opt_design completed successfully
INFO: [Timing 38-480] Writing timing data to binary archive.
Write ShapeDB Complete: Time (s): cpu = 00:00:00 ; elapsed = 00:00:00 . Memory (MB): peak = 2797.473 ; gain = 0.000 ; free physical = 2170 ; free virtual = 23796
Wrote PlaceDB: Time (s): cpu = 00:00:00.06 ; elapsed = 00:00:00.02 . Memory (MB): peak = 2797.473 ; gain = 0.000 ; free physical = 2154 ; free virtual = 23779
Wrote PulsedLatchDB: Time (s): cpu = 00:00:00 ; elapsed = 00:00:00 . Memory (MB): peak = 2797.473 ; gain = 0.000 ; free physical = 2154 ; free virtual = 23779
Writing XDEF routing.
Writing XDEF routing logical nets.
Writing XDEF routing special nets.
Wrote RouteStorage: Time (s): cpu = 00:00:00.03 ; elapsed = 00:00:00.02 . Memory (MB): peak = 2797.473 ; gain = 0.000 ; free physical = 2153 ; free virtual = 23779
Wrote Netlist Cache: Time (s): cpu = 00:00:00.01 ; elapsed = 00:00:00 . Memory (MB): peak = 2797.473 ; gain = 0.000 ; free physical = 2153 ; free virtual = 23779
Wrote Device Cache: Time (s): cpu = 00:00:00.01 ; elapsed = 00:00:00 . Memory (MB): peak = 2797.473 ; gain = 0.000 ; free physical = 2153 ; free virtual = 23779
Write Physdb Complete: Time (s): cpu = 00:00:00.11 ; elapsed = 00:00:00.05 . Memory (MB): peak = 2797.473 ; gain = 0.000 ; free physical = 2153 ; free virtual = 23779
INFO: [Common 17-1381] The checkpoint '/home/nate/alu/alu/alu.runs/impl_1/top_physopt.dcp' has been generated.
Command: route_design
Attempting to get a license for feature 'Implementation' and/or device 'xc7a35t'
INFO: [Common 17-349] Got license for feature 'Implementation' and/or device 'xc7a35t'
Running DRC as a precondition to command route_design
INFO: [DRC 23-27] Running DRC with 4 threads
INFO: [Vivado_Tcl 4-198] DRC finished with 0 Errors
INFO: [Vivado_Tcl 4-199] Please refer to the DRC report (report_drc) for more information.


Starting Routing Task
INFO: [Route 35-254] Multithreading enabled for route_design using a maximum of 4 CPUs

Phase 1 Build RT Design
Checksum: PlaceDB: b8081658 ConstDB: 0 ShapeSum: e046dd8a RouteDB: a0815c57
Post Restoration Checksum: NetGraph: 67247eb3 | NumContArr: 526d643 | Constraints: c2a8fa9d | Timing: c2a8fa9d
Phase 1 Build RT Design | Checksum: 1f19d4a30

Time (s): cpu = 00:00:19 ; elapsed = 00:00:16 . Memory (MB): peak = 2852.941 ; gain = 55.469 ; free physical = 1982 ; free virtual = 23638

Phase 2 Router Initialization

Phase 2.1 Fix Topology Constraints
Phase 2.1 Fix Topology Constraints | Checksum: 1f19d4a30

Time (s): cpu = 00:00:19 ; elapsed = 00:00:16 . Memory (MB): peak = 2852.941 ; gain = 55.469 ; free physical = 1982 ; free virtual = 23638

Phase 2.2 Pre Route Cleanup
Phase 2.2 Pre Route Cleanup | Checksum: 1f19d4a30

Time (s): cpu = 00:00:19 ; elapsed = 00:00:16 . Memory (MB): peak = 2852.941 ; gain = 55.469 ; free physical = 1982 ; free virtual = 23638
 Number of Nodes with overlaps = 0

Phase 2.3 Update Timing
Phase 2.3 Update Timing | Checksum: 235502ef9

Time (s): cpu = 00:00:19 ; elapsed = 00:00:16 . Memory (MB): peak = 2882.004 ; gain = 84.531 ; free physical = 1965 ; free virtual = 23621
INFO: [Route 35-416] Intermediate Timing Summary | WNS=5.557  | TNS=0.000  | WHS=-0.066 | THS=-0.556 |


Router Utilization Summary
  Global Vertical Routing Utilization    = 0.000797257 %
  Global Horizontal Routing Utilization  = 0.00130141 %
  Routable Net Status*
  *Does not include unroutable nets such as driverless and loadless.
  Run report_route_status for detailed report.
  Number of Failed Nets               = 137
    (Failed Nets is the sum of unrouted and partially routed nets)
  Number of Unrouted Nets             = 120
  Number of Partially Routed Nets     = 17
  Number of Node Overlaps             = 0

Phase 2 Router Initialization | Checksum: 264bac021

Time (s): cpu = 00:00:19 ; elapsed = 00:00:16 . Memory (MB): peak = 2882.004 ; gain = 84.531 ; free physical = 1964 ; free virtual = 23621

Phase 3 Global Routing
Phase 3 Global Routing | Checksum: 264bac021

Time (s): cpu = 00:00:19 ; elapsed = 00:00:16 . Memory (MB): peak = 2882.004 ; gain = 84.531 ; free physical = 1964 ; free virtual = 23621

Phase 4 Initial Routing

Phase 4.1 Initial Net Routing Pass
Phase 4.1 Initial Net Routing Pass | Checksum: 129f0712a

Time (s): cpu = 00:00:20 ; elapsed = 00:00:17 . Memory (MB): peak = 2882.004 ; gain = 84.531 ; free physical = 1964 ; free virtual = 23621
Phase 4 Initial Routing | Checksum: 129f0712a

Time (s): cpu = 00:00:20 ; elapsed = 00:00:17 . Memory (MB): peak = 2882.004 ; gain = 84.531 ; free physical = 1964 ; free virtual = 23621

Phase 5 Rip-up And Reroute

Phase 5.1 Global Iteration 0
 Number of Nodes with overlaps = 11
 Number of Nodes with overlaps = 0
INFO: [Route 35-416] Intermediate Timing Summary | WNS=4.991  | TNS=0.000  | WHS=N/A    | THS=N/A    |

Phase 5.1 Global Iteration 0 | Checksum: 33ffc7865

Time (s): cpu = 00:00:20 ; elapsed = 00:00:17 . Memory (MB): peak = 2882.004 ; gain = 84.531 ; free physical = 1964 ; free virtual = 23621
Phase 5 Rip-up And Reroute | Checksum: 33ffc7865

Time (s): cpu = 00:00:20 ; elapsed = 00:00:17 . Memory (MB): peak = 2882.004 ; gain = 84.531 ; free physical = 1964 ; free virtual = 23621

Phase 6 Delay and Skew Optimization

Phase 6.1 Delay CleanUp
Phase 6.1 Delay CleanUp | Checksum: 33ffc7865

Time (s): cpu = 00:00:20 ; elapsed = 00:00:17 . Memory (MB): peak = 2882.004 ; gain = 84.531 ; free physical = 1964 ; free virtual = 23621

Phase 6.2 Clock Skew Optimization
Phase 6.2 Clock Skew Optimization | Checksum: 33ffc7865

Time (s): cpu = 00:00:20 ; elapsed = 00:00:17 . Memory (MB): peak = 2882.004 ; gain = 84.531 ; free physical = 1964 ; free virtual = 23621
Phase 6 Delay and Skew Optimization | Checksum: 33ffc7865

Time (s): cpu = 00:00:20 ; elapsed = 00:00:17 . Memory (MB): peak = 2882.004 ; gain = 84.531 ; free physical = 1964 ; free virtual = 23621

Phase 7 Post Hold Fix

Phase 7.1 Hold Fix Iter
INFO: [Route 35-416] Intermediate Timing Summary | WNS=5.070  | TNS=0.000  | WHS=0.274  | THS=0.000  |

Phase 7.1 Hold Fix Iter | Checksum: 34b9dd55c

Time (s): cpu = 00:00:20 ; elapsed = 00:00:17 . Memory (MB): peak = 2882.004 ; gain = 84.531 ; free physical = 1964 ; free virtual = 23621
Phase 7 Post Hold Fix | Checksum: 34b9dd55c

Time (s): cpu = 00:00:20 ; elapsed = 00:00:17 . Memory (MB): peak = 2882.004 ; gain = 84.531 ; free physical = 1964 ; free virtual = 23621

Phase 8 Route finalize

Router Utilization Summary
  Global Vertical Routing Utilization    = 0.07558 %
  Global Horizontal Routing Utilization  = 0.15773 %
  Routable Net Status*
  *Does not include unroutable nets such as driverless and loadless.
  Run report_route_status for detailed report.
  Number of Failed Nets               = 0
    (Failed Nets is the sum of unrouted and partially routed nets)
  Number of Unrouted Nets             = 0
  Number of Partially Routed Nets     = 0
  Number of Node Overlaps             = 0

Phase 8 Route finalize | Checksum: 34b9dd55c

Time (s): cpu = 00:00:20 ; elapsed = 00:00:17 . Memory (MB): peak = 2882.004 ; gain = 84.531 ; free physical = 1964 ; free virtual = 23621

Phase 9 Verifying routed nets

 Verification completed successfully
Phase 9 Verifying routed nets | Checksum: 34b9dd55c

Time (s): cpu = 00:00:20 ; elapsed = 00:00:17 . Memory (MB): peak = 2882.004 ; gain = 84.531 ; free physical = 1964 ; free virtual = 23621

Phase 10 Depositing Routes
Phase 10 Depositing Routes | Checksum: 26f6021ee

Time (s): cpu = 00:00:20 ; elapsed = 00:00:17 . Memory (MB): peak = 2882.004 ; gain = 84.531 ; free physical = 1964 ; free virtual = 23622

Phase 11 Post Process Routing
Phase 11 Post Process Routing | Checksum: 26f6021ee

Time (s): cpu = 00:00:20 ; elapsed = 00:00:17 . Memory (MB): peak = 2882.004 ; gain = 84.531 ; free physical = 1964 ; free virtual = 23622

Phase 12 Post Router Timing
INFO: [Route 35-57] Estimated Timing Summary | WNS=5.070  | TNS=0.000  | WHS=0.274  | THS=0.000  |

INFO: [Route 35-327] The final timing numbers are based on the router estimated timing analysis. For a complete and accurate timing signoff, please run report_timing_summary.
Phase 12 Post Router Timing | Checksum: 26f6021ee

Time (s): cpu = 00:00:20 ; elapsed = 00:00:17 . Memory (MB): peak = 2882.004 ; gain = 84.531 ; free physical = 1964 ; free virtual = 23622
Total Elapsed time in route_design: 16.69 secs

Phase 13 Post-Route Event Processing
Phase 13 Post-Route Event Processing | Checksum: 21bb61d7d

Time (s): cpu = 00:00:20 ; elapsed = 00:00:17 . Memory (MB): peak = 2882.004 ; gain = 84.531 ; free physical = 1965 ; free virtual = 23622
INFO: [Route 35-16] Router Completed Successfully
Ending Routing Task | Checksum: 21bb61d7d

Time (s): cpu = 00:00:20 ; elapsed = 00:00:17 . Memory (MB): peak = 2882.004 ; gain = 84.531 ; free physical = 1965 ; free virtual = 23622

Routing Is Done.
INFO: [Common 17-83] Releasing license: Implementation
88 Infos, 0 Warnings, 0 Critical Warnings and 0 Errors encountered.
route_design completed successfully
route_design: Time (s): cpu = 00:00:22 ; elapsed = 00:00:18 . Memory (MB): peak = 2882.004 ; gain = 84.531 ; free physical = 1965 ; free virtual = 23622
INFO: [Vivado 12-24828] Executing command : report_drc -file top_drc_routed.rpt -pb top_drc_routed.pb -rpx top_drc_routed.rpx
Command: report_drc -file top_drc_routed.rpt -pb top_drc_routed.pb -rpx top_drc_routed.rpx
INFO: [IP_Flow 19-1839] IP Catalog is up to date.
INFO: [DRC 23-27] Running DRC with 4 threads
INFO: [Vivado_Tcl 2-168] The results of DRC are in file /home/nate/alu/alu/alu.runs/impl_1/top_drc_routed.rpt.
report_drc completed successfully
INFO: [Vivado 12-24828] Executing command : report_methodology -file top_methodology_drc_routed.rpt -pb top_methodology_drc_routed.pb -rpx top_methodology_drc_routed.rpx
Command: report_methodology -file top_methodology_drc_routed.rpt -pb top_methodology_drc_routed.pb -rpx top_methodology_drc_routed.rpx
INFO: [Timing 38-35] Done setting XDC timing constraints.
INFO: [DRC 23-133] Running Methodology with 4 threads
INFO: [Vivado_Tcl 2-1520] The results of Report Methodology are in file /home/nate/alu/alu/alu.runs/impl_1/top_methodology_drc_routed.rpt.
report_methodology completed successfully
INFO: [Vivado 12-24828] Executing command : report_timing_summary -max_paths 10 -report_unconstrained -file top_timing_summary_routed.rpt -pb top_timing_summary_routed.pb -rpx top_timing_summary_routed.rpx -warn_on_violation 
INFO: [Timing 38-35] Done setting XDC timing constraints.
INFO: [Timing 38-91] UpdateTimingParams: Speed grade: -1, Delay Type: min_max.
INFO: [Timing 38-191] Multithreading enabled for timing update using a maximum of 4 CPUs
INFO: [Vivado 12-24838] Running report commands "report_bus_skew, report_incremental_reuse, report_route_status" in parallel.
Running report generation with 3 threads.
INFO: [Vivado 12-24828] Executing command : report_route_status -file top_route_status.rpt -pb top_route_status.pb
INFO: [Vivado 12-24828] Executing command : report_incremental_reuse -file top_incremental_reuse_routed.rpt
INFO: [Vivado_Tcl 4-1062] Incremental flow is disabled. No incremental reuse Info to report.
INFO: [Vivado 12-24828] Executing command : report_bus_skew -warn_on_violation -file top_bus_skew_routed.rpt -pb top_bus_skew_routed.pb -rpx top_bus_skew_routed.rpx
INFO: [Timing 38-91] UpdateTimingParams: Speed grade: -1, Delay Type: min_max.
INFO: [Timing 38-191] Multithreading enabled for timing update using a maximum of 4 CPUs
INFO: [Vivado 12-24828] Executing command : report_power -file top_power_routed.rpt -pb top_power_summary_routed.pb -rpx top_power_routed.rpx
Command: report_power -file top_power_routed.rpt -pb top_power_summary_routed.pb -rpx top_power_routed.rpx
Running Vector-less Activity Propagation...

Finished Running Vector-less Activity Propagation
108 Infos, 0 Warnings, 0 Critical Warnings and 0 Errors encountered.
report_power completed successfully
INFO: [Vivado 12-24828] Executing command : report_clock_utilization -file top_clock_utilization_routed.rpt
WARNING: [Device 21-9320] Failed to find the Oracle tile group with name 'HSR_BOUNDARY_TOP'. This is required for Clock regions and Virtual grid.
WARNING: [Device 21-2174] Failed to initialize Virtual grid.
INFO: [Timing 38-480] Writing timing data to binary archive.
Write ShapeDB Complete: Time (s): cpu = 00:00:00 ; elapsed = 00:00:00 . Memory (MB): peak = 2947.738 ; gain = 0.000 ; free physical = 1928 ; free virtual = 23587
Wrote PlaceDB: Time (s): cpu = 00:00:00.04 ; elapsed = 00:00:00.01 . Memory (MB): peak = 2947.738 ; gain = 0.000 ; free physical = 1928 ; free virtual = 23587
Wrote PulsedLatchDB: Time (s): cpu = 00:00:00 ; elapsed = 00:00:00 . Memory (MB): peak = 2947.738 ; gain = 0.000 ; free physical = 1928 ; free virtual = 23587
Writing XDEF routing.
Writing XDEF routing logical nets.
Writing XDEF routing special nets.
Wrote RouteStorage: Time (s): cpu = 00:00:00.04 ; elapsed = 00:00:00.02 . Memory (MB): peak = 2947.738 ; gain = 0.000 ; free physical = 1928 ; free virtual = 23587
Wrote Netlist Cache: Time (s): cpu = 00:00:00 ; elapsed = 00:00:00 . Memory (MB): peak = 2947.738 ; gain = 0.000 ; free physical = 1928 ; free virtual = 23586
Wrote Device Cache: Time (s): cpu = 00:00:00.01 ; elapsed = 00:00:00.01 . Memory (MB): peak = 2947.738 ; gain = 0.000 ; free physical = 1928 ; free virtual = 23587
Write Physdb Complete: Time (s): cpu = 00:00:00.09 ; elapsed = 00:00:00.04 . Memory (MB): peak = 2947.738 ; gain = 0.000 ; free physical = 1928 ; free virtual = 23587
INFO: [Common 17-1381] The checkpoint '/home/nate/alu/alu/alu.runs/impl_1/top_routed.dcp' has been generated.
Command: write_bitstream -force top.bit
Attempting to get a license for feature 'Implementation' and/or device 'xc7a35t'
INFO: [Common 17-349] Got license for feature 'Implementation' and/or device 'xc7a35t'
Running DRC as a precondition to command write_bitstream
INFO: [IP_Flow 19-1839] IP Catalog is up to date.
INFO: [DRC 23-27] Running DRC with 4 threads
INFO: [Vivado 12-3199] DRC finished with 0 Errors
INFO: [Vivado 12-3200] Please refer to the DRC report (report_drc) for more information.
INFO: [Designutils 20-2272] Running write_bitstream with 4 threads.
Loading data files...
Loading site data...
Loading route data...
Processing options...
Creating bitmap...
Creating bitstream...
Bitstream compression saved 14638656 bits.
Writing bitstream ./top.bit...
INFO: [Vivado 12-1842] Bitgen Completed Successfully.
INFO: [Project 1-1876] WebTalk data collection is mandatory when using a ULT device. To see the specific WebTalk data collected for your design, open the usage_statistics_webtalk.html or usage_statistics_webtalk.xml file in the implementation directory.
INFO: [Common 17-83] Releasing license: Implementation
120 Infos, 2 Warnings, 0 Critical Warnings and 0 Errors encountered.
write_bitstream completed successfully
write_bitstream: Time (s): cpu = 00:00:13 ; elapsed = 00:00:19 . Memory (MB): peak = 3213.590 ; gain = 265.852 ; free physical = 1659 ; free virtual = 23318
INFO: [Common 17-206] Exiting Vivado at Tue Nov  5 09:39:02 2024...
